Build started 04.03.2016 10:12:02.
     1>Project "C:\Users\Crigges\Desktop\jklo\D3DOverlay\D3DOverlay.vcxproj" on node 2 (Build target(s)).
     1>ClCompile:
         C:\Program Files (x86)\Microsoft Visual Studio 14.0\VC\bin\x86_amd64\CL.exe /c /Zi /nologo /W3 /WX- /sdl /O2 /Oi /GL /D NDEBUG /D _CONSOLE /D _UNICODE /D UNICODE /Gm- /EHsc /MD /GS /Gy /fp:precise /Zc:wchar_t /Zc:forScope /Zc:inline /Fo"x64\Release\\" /Fd"x64\Release\vc140.pdb" /Gd /TP /errorReport:prompt Main.cpp
         Main.cpp
       Link:
         C:\Program Files (x86)\Microsoft Visual Studio 14.0\VC\bin\x86_amd64\link.exe /ERRORREPORT:PROMPT /OUT:"C:\Users\Crigges\Desktop\jklo\x64\Release\D3DOverlay.exe" /INCREMENTAL:NO /NOLOGO kernel32.lib user32.lib gdi32.lib winspool.lib comdlg32.lib advapi32.lib shell32.lib ole32.lib oleaut32.lib uuid.lib odbc32.lib odbccp32.lib /MANIFEST /MANIFESTUAC:"level='asInvoker' uiAccess='false'" /manifest:embed /Debug /PDB:"C:\Users\Crigges\Desktop\jklo\x64\Release\D3DOverlay.pdb" /SUBSYSTEM:CONSOLE /OPT:REF /OPT:ICF /LTCG:incremental /TLBID:1 /DYNAMICBASE /NXCOMPAT /IMPLIB:"C:\Users\Crigges\Desktop\jklo\x64\Release\D3DOverlay.lib" /MACHINE:X64 x64\Release\Main.obj
         x64\Release\Color.obj
         x64\Release\D3D9Overlay.obj
         x64\Release\D3D9Surface.obj
         x64\Release\Overlay.obj
         x64\Release\Surface.obj
         Generating code
         1 of 614 functions ( 0.2%) were compiled, the rest were copied from previous compilation.
           0 functions were new in current compilation
           1 functions had inline decision re-evaluated but remain unchanged
         Finished generating code
         D3DOverlay.vcxproj -> C:\Users\Crigges\Desktop\jklo\x64\Release\D3DOverlay.exe
     1>Done Building Project "C:\Users\Crigges\Desktop\jklo\D3DOverlay\D3DOverlay.vcxproj" (Build target(s)).

Build succeeded.

Time Elapsed 00:00:01.32
